<?xml version="1.0" encoding="UTF-8"?>
<!-- Generated by org.testng.reporters.JUnitReportReporter -->
<testsuite hostname="DESKTOP-ADO" failures="0" tests="1" name="apitesting.terkwazapitesting.AppTest" time="0.006" errors="0" timestamp="2021-11-13T13:54:53 EET" skipped="0">
  <testcase classname="apitesting.terkwazapitesting.AppTest" name="shouldAnswerWithTrue" time="0.006"/>
  <system-out/>
</testsuite> <!-- apitesting.terkwazapitesting.AppTest -->
