<?xml version="1.0" encoding="UTF-8"?>
<!-- Generated by org.testng.reporters.JUnitReportReporter -->
<testsuite hostname="DESKTOP-ADO" failures="0" tests="1" name="apitesting.terkwazapitesting.RandomCatFact" time="1.738" errors="0" timestamp="2021-11-13T20:02:06 EET" skipped="0">
  <testcase classname="apitesting.terkwazapitesting.RandomCatFact" name="getOneRandomCatFact" time="1.738"/>
  <system-out/>
</testsuite> <!-- apitesting.terkwazapitesting.RandomCatFact -->
