<?xml version="1.0" encoding="UTF-8"?>
<!-- Generated by org.testng.reporters.JUnitReportReporter -->
<testsuite hostname="DESKTOP-ADO" failures="0" tests="1" name="tasktwo.terkwazsecondtask.AppTest" time="4.862" errors="0" timestamp="2021-11-13T20:01:19 EET" skipped="0">
  <testcase classname="tasktwo.terkwazsecondtask.AppTest" name="shouldAnswerWithTrue" time="4.862"/>
  <system-out/>
</testsuite> <!-- tasktwo.terkwazsecondtask.AppTest -->
