<?xml version="1.0" encoding="UTF-8"?>
<!-- Generated by org.testng.reporters.JUnitReportReporter -->
<testsuite hostname="DESKTOP-ADO" failures="0" tests="1" name="taskthree.terkwazthirdtest.AppTest" time="8.812" errors="0" timestamp="2021-11-13T19:56:48 EET" skipped="0">
  <testcase classname="taskthree.terkwazthirdtest.AppTest" name="shouldAnswerWithTrue" time="8.812"/>
  <system-out/>
</testsuite> <!-- taskthree.terkwazthirdtest.AppTest -->
